<?xml version="1.0" encoding="UTF-8"?>
<!-- Generated by org.testng.reporters.JUnitReportReporter -->
<testsuite skipped="0" hostname="SACHIN-PC" name="com.qa.tests.GetAPITest" tests="2" failures="0" timestamp="02 Apr 2019 05:09:10 GMT" time="11.113" errors="0">
  <testcase name="getAPITestwithoutHeader" time="9.784" classname="com.qa.tests.GetAPITest"/>
  <testcase name="getAPITestWithHeaders" time="1.329" classname="com.qa.tests.GetAPITest"/>
</testsuite> <!-- com.qa.tests.GetAPITest -->
