<?xml version="1.0" encoding="UTF-8"?>
<!-- Generated by org.testng.reporters.JUnitReportReporter -->
<testsuite skipped="0" hostname="SACHIN-PC" name="com.qa.tests.PostAPITest" tests="1" failures="0" timestamp="02 Apr 2019 16:43:47 GMT" time="6.164" errors="0">
  <testcase name="postAPITest" time="6.164" classname="com.qa.tests.PostAPITest"/>
</testsuite> <!-- com.qa.tests.PostAPITest -->
